<?xml version="1.0" encoding="UTF-8"?>
<!-- Generated by org.testng.reporters.JUnitXMLReporter -->
<testsuite ignored="0" hostname="CXWINLT054" failures="0" tests="3" name="Test" time="23.24" errors="0" timestamp="2023-03-10T12:33:48 IST">
  <testcase classname="com.demoproject.testcases.RegistrationTest" name="registration" time="4.965"/>
  <testcase classname="com.demoproject.testcases.RegistrationTest" name="registration" time="5.513"/>
  <testcase classname="com.demoproject.testcases.SignInTest" name="signIn" time="0.265"/>
</testsuite> <!-- Test -->
