<?xml version="1.0" encoding="UTF-8"?>
<testng-results ignored="0" total="3" passed="3" failed="0" skipped="0">
  <reporter-output>
  </reporter-output>
  <suite started-at="2023-03-10T12:33:25 IST" name="Suite" finished-at="2023-03-10T12:33:48 IST" duration-ms="23240">
    <groups>
    </groups>
    <test started-at="2023-03-10T12:33:25 IST" name="Test" finished-at="2023-03-10T12:33:48 IST" duration-ms="23240">
      <class name="com.demoproject.testcases.RegistrationTest">
        <test-method is-config="true" signature="setup()[pri:0, instance:com.demoproject.testcases.RegistrationTest@6c130c45]" started-at="2023-03-10T12:33:25 IST" name="setup" finished-at="2023-03-10T12:33:32 IST" duration-ms="6968" status="PASS">
          <reporter-output>
          </reporter-output>
        </test-method> <!-- setup -->
        <test-method signature="registration()[pri:0, instance:com.demoproject.testcases.RegistrationTest@6c130c45]" started-at="2023-03-10T12:33:32 IST" name="registration" finished-at="2023-03-10T12:33:37 IST" duration-ms="4965" status="PASS">
          <reporter-output>
          </reporter-output>
        </test-method> <!-- registration -->
        <test-method is-config="true" signature="tearDown()[pri:0, instance:com.demoproject.testcases.RegistrationTest@6c130c45]" started-at="2023-03-10T12:33:37 IST" name="tearDown" finished-at="2023-03-10T12:33:37 IST" duration-ms="0" status="PASS">
          <reporter-output>
          </reporter-output>
        </test-method> <!-- tearDown -->
      </class> <!-- com.demoproject.testcases.RegistrationTest -->
      <class name="com.demoproject.testcases.SignInTest">
        <test-method is-config="true" signature="setup()[pri:0, instance:com.demoproject.testcases.SignInTest@50ad3bc1]" started-at="2023-03-10T12:33:37 IST" name="setup" finished-at="2023-03-10T12:33:42 IST" duration-ms="4968" status="PASS">
          <reporter-output>
          </reporter-output>
        </test-method> <!-- setup -->
        <test-method signature="registration()[pri:0, instance:com.demoproject.testcases.SignInTest@50ad3bc1]" started-at="2023-03-10T12:33:42 IST" name="registration" finished-at="2023-03-10T12:33:48 IST" duration-ms="5513" status="PASS">
          <reporter-output>
          </reporter-output>
        </test-method> <!-- registration -->
        <test-method signature="signIn()[pri:0, instance:com.demoproject.testcases.SignInTest@50ad3bc1]" started-at="2023-03-10T12:33:48 IST" name="signIn" finished-at="2023-03-10T12:33:48 IST" duration-ms="265" status="PASS">
          <reporter-output>
          </reporter-output>
        </test-method> <!-- signIn -->
        <test-method is-config="true" signature="tearDown()[pri:0, instance:com.demoproject.testcases.SignInTest@50ad3bc1]" started-at="2023-03-10T12:33:48 IST" name="tearDown" finished-at="2023-03-10T12:33:48 IST" duration-ms="0" status="PASS">
          <reporter-output>
          </reporter-output>
        </test-method> <!-- tearDown -->
      </class> <!-- com.demoproject.testcases.SignInTest -->
    </test> <!-- Test -->
  </suite> <!-- Suite -->
</testng-results>
